\BOOKMARK [1][-]{section.1}{\376\377\000D\000e\000s\000c\000r\000i\000p\000t\000i\000o\000n}{}% 1
\BOOKMARK [1][-]{section.2}{\376\377\000E\000x\000a\000m\000p\000l\000e\000s}{}% 2
\BOOKMARK [2][-]{subsection.2.1}{\376\377\000E\000x\000a\000m\000p\000l\000e\000\040\0001\000:\000\040\000S\000i\000n\000g\000l\000e\000-\000v\000a\000r\000i\000a\000b\000l\000e\000\040\000d\000e\000r\000i\000v\000a\000t\000i\000v\000e\000s}{section.2}% 3
\BOOKMARK [3][-]{subsubsection.2.1.1}{\376\377\000C\000a\000l\000c\000u\000l\000a\000t\000e\000\040\000d\000e\000r\000i\000v\000a\000t\000i\000v\000e\000s\000\040\000o\000f\000\040\000f\000\050\000x\000\051\000=\000x\0004\000\040\000a\000t\000\040\000x\000=\0002\000.}{subsection.2.1}% 4
\BOOKMARK [2][-]{subsection.2.2}{\376\377\000E\000x\000a\000m\000p\000l\000e\000\040\0002\000:\000\040\000M\000u\000l\000t\000i\000-\000v\000a\000r\000i\000a\000b\000l\000e\000\040\000m\000i\000x\000e\000d\000\040\000p\000a\000r\000t\000i\000a\000l\000\040\000d\000e\000r\000i\000v\000a\000t\000i\000v\000e\000s\000\040\000w\000i\000t\000h\000\040\000m\000u\000l\000t\000i\000-\000p\000r\000e\000c\000i\000s\000i\000o\000n\000\040\000d\000a\000t\000a\000\040\000t\000y\000p\000e}{section.2}% 5
\BOOKMARK [3][-]{subsubsection.2.2.1}{\376\377\000C\000a\000l\000c\000u\000l\000a\000t\000e\000\040\0001\0002\000f\000w\0003\000x\0002\000y\0004\000z\0003\000\050\0001\0001\000,\0001\0002\000,\0001\0003\000,\0001\0004\000\051\000\040\000w\000i\000t\000h\000\040\000a\000\040\000p\000r\000e\000c\000i\000s\000i\000o\000n\000\040\000o\000f\000\040\000a\000b\000o\000u\000t\000\040\0005\0000\000\040\000d\000e\000c\000i\000m\000a\000l\000\040\000d\000i\000g\000i\000t\000s\000,\000\040\000w\000h\000e\000r\000e\000\040\000f\000\050\000w\000,\000x\000,\000y\000,\000z\000\051\000=\000\050\000w\000\050\000x\000\050\000y\000\051\000z\000\051\000+\000w\000z\000x\000y\000\051\000+\000w\0002\000\050\000z\000\051\000.}{subsection.2.2}% 6
\BOOKMARK [2][-]{subsection.2.3}{\376\377\000E\000x\000a\000m\000p\000l\000e\000\040\0003\000:\000\040\000B\000l\000a\000c\000k\000-\000S\000c\000h\000o\000l\000e\000s\000\040\000O\000p\000t\000i\000o\000n\000\040\000P\000r\000i\000c\000i\000n\000g\000\040\000w\000i\000t\000h\000\040\000G\000r\000e\000e\000k\000s\000\040\000A\000u\000t\000o\000m\000a\000t\000i\000c\000a\000l\000l\000y\000\040\000C\000a\000l\000c\000u\000l\000a\000t\000e\000d}{section.2}% 7
\BOOKMARK [3][-]{subsubsection.2.3.1}{\376\377\000C\000a\000l\000c\000u\000l\000a\000t\000e\000\040\000g\000r\000e\000e\000k\000s\000\040\000d\000i\000r\000e\000c\000t\000l\000y\000\040\000f\000r\000o\000m\000\040\000t\000h\000e\000\040\000B\000l\000a\000c\000k\000-\000S\000c\000h\000o\000l\000e\000s\000\040\000p\000r\000i\000c\000i\000n\000g\000\040\000f\000u\000n\000c\000t\000i\000o\000n\000.}{subsection.2.3}% 8
\BOOKMARK [1][-]{section.3}{\376\377\000A\000d\000v\000a\000n\000t\000a\000g\000e\000s\000\040\000o\000f\000\040\000A\000u\000t\000o\000m\000a\000t\000i\000c\000\040\000D\000i\000f\000f\000e\000r\000e\000n\000t\000i\000a\000t\000i\000o\000n}{}% 9
\BOOKMARK [1][-]{section.4}{\376\377\000M\000a\000t\000h\000e\000m\000a\000t\000i\000c\000s}{}% 10
\BOOKMARK [2][-]{subsection.4.1}{\376\377\000T\000r\000u\000n\000c\000a\000t\000e\000d\000\040\000T\000a\000y\000l\000o\000r\000\040\000S\000e\000r\000i\000e\000s}{section.4}% 11
\BOOKMARK [3][-]{subsubsection.4.1.1}{\376\377\000E\000x\000a\000m\000p\000l\000e}{subsection.4.1}% 12
\BOOKMARK [2][-]{subsection.4.2}{\376\377\000A\000r\000i\000t\000h\000m\000e\000t\000i\000c}{section.4}% 13
\BOOKMARK [3][-]{subsubsection.4.2.1}{\376\377\000A\000d\000d\000i\000t\000i\000o\000n}{subsection.4.2}% 14
\BOOKMARK [3][-]{subsubsection.4.2.2}{\376\377\000S\000u\000b\000t\000r\000a\000c\000t\000i\000o\000n}{subsection.4.2}% 15
\BOOKMARK [3][-]{subsubsection.4.2.3}{\376\377\000M\000u\000l\000t\000i\000p\000l\000i\000c\000a\000t\000i\000o\000n}{subsection.4.2}% 16
\BOOKMARK [3][-]{subsubsection.4.2.4}{\376\377\000D\000i\000v\000i\000s\000i\000o\000n}{subsection.4.2}% 17
\BOOKMARK [2][-]{subsection.4.3}{\376\377\000G\000e\000n\000e\000r\000a\000l\000\040\000F\000u\000n\000c\000t\000i\000o\000n\000s}{section.4}% 18
\BOOKMARK [2][-]{subsection.4.4}{\376\377\000M\000u\000l\000t\000i\000p\000l\000e\000\040\000V\000a\000r\000i\000a\000b\000l\000e\000s}{section.4}% 19
\BOOKMARK [3][-]{subsubsection.4.4.1}{\376\377\000D\000e\000c\000l\000a\000r\000i\000n\000g\000\040\000M\000u\000l\000t\000i\000p\000l\000e\000\040\000V\000a\000r\000i\000a\000b\000l\000e\000s}{subsection.4.4}% 20
\BOOKMARK [1][-]{section.5}{\376\377\000W\000r\000i\000t\000i\000n\000g\000\040\000F\000u\000n\000c\000t\000i\000o\000n\000s\000\040\000f\000o\000r\000\040\000A\000u\000t\000o\000d\000i\000f\000f\000\040\000C\000o\000m\000p\000a\000t\000i\000b\000i\000l\000i\000t\000y}{}% 21
\BOOKMARK [2][-]{subsection.5.1}{\376\377\000P\000i\000e\000c\000e\000w\000i\000s\000e\000-\000R\000a\000t\000i\000o\000n\000a\000l\000\040\000F\000u\000n\000c\000t\000i\000o\000n\000s}{section.5}% 22
\BOOKMARK [2][-]{subsection.5.2}{\376\377\000F\000u\000n\000c\000t\000i\000o\000n\000s\000\040\000T\000h\000a\000t\000\040\000C\000a\000l\000l\000\040\000E\000x\000i\000s\000t\000i\000n\000g\000\040\000A\000u\000t\000o\000d\000i\000f\000f\000\040\000F\000u\000n\000c\000t\000i\000o\000n\000s}{section.5}% 23
\BOOKMARK [2][-]{subsection.5.3}{\376\377\000N\000e\000w\000\040\000F\000u\000n\000c\000t\000i\000o\000n\000s\000\040\000F\000o\000r\000\040\000W\000h\000i\000c\000h\000\040\000T\000h\000e\000\040\000D\000e\000r\000i\000v\000a\000t\000i\000v\000e\000s\000\040\000C\000a\000n\000\040\000B\000e\000\040\000C\000a\000l\000c\000u\000l\000a\000t\000e\000d}{section.5}% 24
\BOOKMARK [1][-]{section.6}{\376\377\000F\000u\000n\000c\000t\000i\000o\000n\000\040\000W\000r\000i\000t\000i\000n\000g\000\040\000G\000u\000i\000d\000e\000l\000i\000n\000e\000s}{}% 25
\BOOKMARK [2][-]{subsection.6.1}{\376\377\000E\000x\000a\000m\000p\000l\000e\000\040\0001\000:\000\040\000f\000\050\000x\000\051\000=\000\050\0000\000,\000x\000\051}{section.6}% 26
\BOOKMARK [2][-]{subsection.6.2}{\376\377\000E\000x\000a\000m\000p\000l\000e\000\040\0002\000:\000\040\000f\000\050\000x\000\051\000=\000`\0003\003\001\0009\000`\0004\0002\000`\000"\003\007\0006\0001\0003\000A\000`\000`\0004\0005\000`\0004\0007\000`\000"\0006\0000\0003\000A\000s\000i\000n\000c\000\050\000x\000\051}{section.6}% 27
\BOOKMARK [2][-]{subsection.6.3}{\376\377\000E\000x\000a\000m\000p\000l\000e\000\040\0003\000:\000\040\000f\000\050\000x\000\051\000=\000x\000\040\000a\000n\000d\000\040\000f\000'\000\050\0000\000\051\000=}{section.6}% 28
\BOOKMARK [2][-]{subsection.6.4}{\376\377\000S\000u\000m\000m\000a\000r\000y}{section.6}% 29
\BOOKMARK [1][-]{section.7}{\376\377\000A\000c\000k\000n\000o\000w\000l\000e\000d\000g\000m\000e\000n\000t\000s}{}% 30
