This is pdfTeX, Version 3.141592653-2.6-1.40.27 (TeX Live 2025) (preloaded format=pdflatex 2025.3.15)  16 MAR 2025 15:09
entering extended mode
 restricted \write18 enabled.
 file:line:error style messages enabled.
 %&-line parsing enabled.
**/home/vgreff/gh/vgreff/learning/tex/vg.tex
(/home/vgreff/gh/vgreff/learning/tex/vg.tex
LaTeX2e <2024-11-01> patch level 2
L3 programming layer <2025-01-18>
(/usr/local/texlive/2025/texmf-dist/tex/latex/base/article.cls
Document Class: article 2024/06/29 v1.4n Standard LaTeX document class
(/usr/local/texlive/2025/texmf-dist/tex/latex/base/size12.clo
File: size12.clo 2024/06/29 v1.4n Standard LaTeX file (size option)
)
\c@part=\count196
\c@section=\count197
\c@subsection=\count198
\c@subsubsection=\count199
\c@paragraph=\count266
\c@subparagraph=\count267
\c@figure=\count268
\c@table=\count269
\abovecaptionskip=\skip49
\belowcaptionskip=\skip50
\bibindent=\dimen141
) (/usr/local/texlive/2025/texmf-dist/tex/latex/tree-dvips/lingmacros.sty
\c@enums=\count270
\widelabel=\dimen142
\c@tempcnt=\count271
\c@enumsi=\count272
\eeindent=\dimen143
) (/usr/local/texlive/2025/texmf-dist/tex/latex/tree-dvips/tree-dvips.sty
tree-dvips version .91 of May 16, 1995
\nodemargin=\dimen144
\treelinewidth=\dimen145
\dashlength=\dimen146
\arrowwidth=\dimen147
\arrowlength=\dimen148
\arrowinset=\dimen149
\pos@t=\toks17
\pos@b=\toks18
\pos@l=\toks19
\pos@r=\toks20
\pos@tl=\toks21
\pos@tr=\toks22
\pos@bl=\toks23
\pos@br=\toks24
\@arrow=\count273
\@tempdimc=\dimen150
) (/usr/local/texlive/2025/texmf-dist/tex/latex/l3backend/l3backend-pdftex.def
File: l3backend-pdftex.def 2024-05-08 L3 backend support: PDF output (pdfTeX)
\l__color_backend_stack_int=\count274
\l__pdf_internal_box=\box52
) (./vg.aux)
\openout1 = `vg.aux'.

LaTeX Font Info:    Checking defaults for OML/cmm/m/it on input line 5.
LaTeX Font Info:    ... okay on input line 5.
LaTeX Font Info:    Checking defaults for OMS/cmsy/m/n on input line 5.
LaTeX Font Info:    ... okay on input line 5.
LaTeX Font Info:    Checking defaults for OT1/cmr/m/n on input line 5.
LaTeX Font Info:    ... okay on input line 5.
LaTeX Font Info:    Checking defaults for T1/cmr/m/n on input line 5.
LaTeX Font Info:    ... okay on input line 5.
LaTeX Font Info:    Checking defaults for TS1/cmr/m/n on input line 5.
LaTeX Font Info:    ... okay on input line 5.
LaTeX Font Info:    Checking defaults for OMX/cmex/m/n on input line 5.
LaTeX Font Info:    ... okay on input line 5.
LaTeX Font Info:    Checking defaults for U/cmr/m/n on input line 5.
LaTeX Font Info:    ... okay on input line 5.
LaTeX Font Info:    External font `cmex10' loaded for size
(Font)              <10.95> on input line 18.
LaTeX Font Info:    External font `cmex10' loaded for size
(Font)              <8> on input line 18.
LaTeX Font Info:    External font `cmex10' loaded for size
(Font)              <6> on input line 18.
LaTeX Font Info:    External font `cmex10' loaded for size
(Font)              <12> on input line 21.


[1


Non-PDF special ignored!
<special> header=tree-dvips91.pro
{/usr/local/texlive/2025/texmf-var/fonts/map/pdftex/updmap/pdftex.map}{/usr/local/texlive/2025/texmf-dist/fonts/enc/dvips/cm-super/cm-super-ts1.enc}
Non-PDF special ignored!
<special> ps:@beginspec/nodemargin 2.0 pt def 0.3 pt setlinewidth [] 0 setd...
Non-PDF special ignored!
<special> ps:@beginspec/nodemargin 2.0 pt def 0.3 pt setlinewidth [] 0 setd...
Non-PDF special ignored!
<special> ps:@beginspec/nodemargin 2.0 pt def 0.3 pt setlinewidth [] 0 setd...
Non-PDF special ignored!
<special> ps:@beginspec/nodemargin 2.0 pt def 0.3 pt setlinewidth [] 0 setd...
Non-PDF special ignored!
<special> ps:@beginspec/nodemargin 2.0 pt def 0.3 pt setlinewidth [] 0 setd...
Non-PDF special ignored!
<special> ps:@beginspec/nodemargin 2.0 pt def 0.3 pt setlinewidth [] 0 setd...
Non-PDF special ignored!
<special> ps:@beginspec/nodemargin 2.0 pt def 0.3 pt setlinewidth [] 0 setd...
Non-PDF special ignored!
<special> ps:@beginspec/nodemargin 2.0 pt def 0.3 pt setlinewidth [] 0 setd...
Non-PDF special ignored!
<special> ps:@beginspec/nodemargin 2.0 pt def 0.3 pt setlinewidth [] 0 setd...
] (./vg.aux)
 ***********
LaTeX2e <2024-11-01> patch level 2
L3 programming layer <2025-01-18>
 ***********
 ) 
Here is how much of TeX's memory you used:
 615 strings out of 473190
 11014 string characters out of 5715806
 404554 words of memory out of 5000000
 23926 multiletter control sequences out of 15000+600000
 564993 words of font info for 56 fonts, out of 8000000 for 9000
 1141 hyphenation exceptions out of 8191
 35i,9n,50p,178b,277s stack positions out of 10000i,1000n,20000p,200000b,200000s
</usr/local/texlive/2025/texmf-dist/fonts/type1/public/amsfonts/cm/cmbx10.pfb></usr/local/texlive/2025/texmf-dist/fonts/type1/public/amsfonts/cm/cmbx12.pfb></usr/local/texlive/2025/texmf-dist/fonts/type1/public/amsfonts/cm/cmcsc10.pfb></usr/local/texlive/2025/texmf-dist/fonts/type1/public/amsfonts/cm/cmmi12.pfb></usr/local/texlive/2025/texmf-dist/fonts/type1/public/amsfonts/cm/cmmi8.pfb></usr/local/texlive/2025/texmf-dist/fonts/type1/public/amsfonts/cm/cmr10.pfb></usr/local/texlive/2025/texmf-dist/fonts/type1/public/amsfonts/cm/cmr12.pfb></usr/local/texlive/2025/texmf-dist/fonts/type1/public/amsfonts/cm/cmsy8.pfb></usr/local/texlive/2025/texmf-dist/fonts/type1/public/amsfonts/cm/cmti12.pfb></usr/local/texlive/2025/texmf-dist/fonts/type1/public/cm-super/sfrm1200.pfb>
Output written on vg.pdf (1 page, 109638 bytes).
PDF statistics:
 59 PDF objects out of 1000 (max. 8388607)
 35 compressed objects within 1 object stream
 0 named destinations out of 1000 (max. 500000)
 1 words of extra memory for PDF output out of 10000 (max. 10000000)

